Tue Apr 26 17:19:41 2011 - [@tuxwurf] @zeroskillor :D danke, kriegste beim nächsten mal zurück :)
Tue Apr 26 17:19:41 2011 - [@Cohnina] Kinder auf Kakao-Plantagen: Süßes aus der Hölle http://sprd.to/42mW #like
Tue Apr 26 17:19:41 2011 - [@marynmck] MT @annalappe: Livestream @theatlanticlife summit began w/ paid ad from HFCS industry by Center for Consumer Freedom. #atlanticfood
Tue Apr 26 17:19:41 2011 - [@wikileaks] WikiLeaks highlights 'original sin' of Guantanamo | AFP http://is.gd/33tDLt
Tue Apr 26 17:19:41 2011 - [@marynmck] RT @ralphreport: The Latest Food Marketing Trend: Fake Authenticity by @jane_black  @TheAtlanticLIFE  http://bit.ly/eCTFc8 #atlanticfood heh
Tue Apr 26 17:19:41 2011 - [@tuxwurf] @de_Wastl ^^
Tue Apr 26 17:19:41 2011 - [@Cohnina] Bei manchen geteilten Nachrichten find ich das #like ja nicht so passend... geht das auch ohne @spreadly_helps ?
Tue Apr 26 17:19:41 2011 - [@tuxwurf] @de_Wastl @zeroskillor eventuell schaffe ich es sogar nach hause. 1900 oder 1930?
Tue Apr 26 17:19:41 2011 - [@Annellchen] 11,3 Mio. Deutsche klickten sich 2010 durch Farmville & Co, 5,6 Mio. durch WOW http://ow.ly/4Hfyb #studie #computerspiele
Tue Apr 26 17:19:41 2011 - [@marynmck] .@AtlanticLife, champion of molecular cuisine & owner of Vegas restaurants as speaker on "affordability"? #atlanticfood http://bit.ly/hFijSL
Tue Apr 26 17:24:37 2011 - [@rheinzeitung] Das ist das neue Karneval... RT @Grisu112de: Freue mich nicht auf engl. Hochzeit. Auch nicht bei noch so vielen Vorberichten in Medien
Tue Apr 26 17:24:37 2011 - [@CowboyOfBottrop] I'm at KFC (Bottroper Str. 130, Essen) http://4sq.com/dLGj62
Tue Apr 26 17:24:37 2011 - [@strangemeister] Ein Scheiss-Tag geht zu Ende. Was mich tröstet: Morgen geht's weiter.
Tue Apr 26 17:24:37 2011 - [@alvar_f] Wow, Video-Stabilisierung von #YouTube ist richtig gut: http://j.mp/eEuabX (niedrigste Stufe!) Original http://j.mp/gaaTm7 #S21
Tue Apr 26 17:24:37 2011 - [@nalfion] Ich lass mich heute auch mal wieder beim Stammtisch der @PiratenMS blicken um den @zeroskillor zuzuhören.
Tue Apr 26 17:24:37 2011 - [@leanderwattig] René Kohl: Seit jetzt 12 Jahren führe ich die Internetbuchhandlung Kohlibri http://ff.im/-C0fWq
Tue Apr 26 17:24:37 2011 - [@zynaesthesie] „Warum hast Du den Verdacht, es könnte Alzheimer sein?“ „Warum habe ich was?“
Tue Apr 26 17:24:37 2011 - [@r2_0] RT @spd_netzpolitik: Die Petition von #SPD-Mitglieder bzgl. #Sarrazin http://bit.ly/ieyKka über die auch SPON berichtet http://bit.ly/hfaHbn
Tue Apr 26 17:24:37 2011 - [@de_Wastl] @tuxwurf  Ja, genau! :-D
Tue Apr 26 17:24:37 2011 - [@La_Loupina] Gegen das Vergessen: "25 Jahre nach Tschernobyl": http://tinyurl.com/6x2fp8z #EvangelischDE
Tue Apr 26 17:24:37 2011 - [@Dave_Kay] @Rainer_Klute Todeswahrscheinlichkeitsrechnungen sind spannend? puh..ob ihr das noch so seht, wenn, Gotte behüte, dein Sohn Krebs hat?
Tue Apr 26 17:24:37 2011 - [@chaosupdates] #Alternativlos 15 über Drogen, Rauschgift und kulturhistorische Aspekte von Opium und Kokain http://alternativlos.org/15/
Tue Apr 26 17:24:37 2011 - [@NetReaper] Das hier geht an @herrurbach http://bit.ly/esjKWv "Zeitgenössische Grammatik: Der Delegativ ("Jemand müsste mal …")" Einfach nur schön. :)
Tue Apr 26 17:24:37 2011 - [@herrurbach] Ich muss das grade mal sagen: der @luckow rockt wie blöde :)
Tue Apr 26 17:24:37 2011 - [@Philipp] Later.fm! Instapaper für Musik! Yeah! http://www.spreeblick.com/2011/04/26/hear-ya-later-–-later-fm-fur-musikbookmarks/
Tue Apr 26 17:24:37 2011 - [@Flachshaar] @blackwolf_cgn Habe leider keine Ahnung, woher diese Aussage stammt und was exakt gemeint ist. Bei mir haben sie nicht angerufen ;)
Tue Apr 26 17:24:37 2011 - [@Dave_Kay] @Rainer_Klute mag sein, ein Stufe 7 Unfall direkt bei Tokio ist da effektiver, als eigene berechnungen.
Tue Apr 26 17:24:37 2011 - [@die_sylvi] Das wär auch was für #Jena. Studenten die in umgebauten Containern im Paradiespark wohnen: http://www.zeit.de/2011/17/C-Gefragt-Frankreich
Tue Apr 26 17:24:37 2011 - [@NineBerry] What was your favorite thing to do during recess at school? — Chit Chat http://4ms.me/ezic5u
Tue Apr 26 17:24:37 2011 - [@ennomane] Habe gerade erfahren, dass ich mich 3 Wochen lang nicht schneuzen darf. #DingeDieSieEinemVorherNichtSagen
Tue Apr 26 17:24:37 2011 - [@elicee] Die Fragen nach dem Netz, seiner Politik u. Kultur, sind Fragen nach der Verfassung eines Gemeinwesens u. also schonmal ähnlich durchkämpft.
Tue Apr 26 17:24:37 2011 - [@tuxwurf] @de_Wastl ? Wann denn jetzt?
Tue Apr 26 17:24:37 2011 - [@rheinzeitung] (Ach ja, unser Online-Spezial zur Hochzeit wächst - mit zielgruppenferner URL: http://ku-rz.de/hochzeitsgedoens #royalwedding)
Tue Apr 26 17:24:37 2011 - [@__juh__] Hochinteressant. Die Delegationen in Liquid Feedback funktionieren wie Kredite, die weiterverkauft werden. ;-) http://wp.me/p1w1qh-f
Tue Apr 26 17:29:57 2011 - [@monasterium] Mir fällt auf, dass ich seit mehr als 10 Jahren in virtuellen Fliegergruppen online fliege. Viele nette Leute kennengelernt in der Zeit.
Tue Apr 26 17:29:57 2011 - [@JoonasD6] haluaa hiilikuitusellon.
Tue Apr 26 17:29:57 2011 - [@La_Loupina] SPD streitet weiter über Thilo Sarrazin: http://tinyurl.com/3wo62at #EvangelischDE
Tue Apr 26 17:29:57 2011 - [@anwin] Ich fasse zusammen: Fick Dich, ich diss dich, Bitch und Scheiße. Was bleibt von euren Texten, wenn ich die Worte streiche? (by @CurseZeit)
Tue Apr 26 17:29:57 2011 - [@haekelschwein] RT @kaffeebeimir: Bundestagsgutachten: Grundrechtskonformität einer Vorratsdatenspeicherung nicht sicherzustellen http://wp.me/pEkiu-3rW
Tue Apr 26 17:29:57 2011 - [@towo] @Torgator Samstag.
Tue Apr 26 17:29:57 2011 - [@C_Holler] RT @kopfbunt: Höre das Beastie Boys Album »Hot Sauce Committee Part Two« dank @amyandpink http://t.co/V4mLUnn #SoundCloud
Tue Apr 26 17:29:57 2011 - [@Philipp] Just saw the preview of @marthadear's #rp11 interview with @jaclynf. Yay! :D
Tue Apr 26 17:29:57 2011 - [@Rainer_Klute] @Dave_Kay Die Strahlung in #Sendai ist durchweg 0,08-0,12 µSv/h – höher als vor #Fukushima, aber niedriger als in #Deutschland.
Tue Apr 26 17:29:57 2011 - [@tuxwurf] @monasterium fliegst du denn auch echt?^^
Tue Apr 26 17:29:57 2011 - [@ZDFonline] heute.de: Ostern vorbei, Spritpreis fällt http://goo.gl/fb/50kl4
Tue Apr 26 17:29:57 2011 - [@ZDFonline] heute.de: Brüssel bleibt hart: Keine EU-Grenzkontrollen http://goo.gl/fb/LRIMb
Tue Apr 26 17:29:57 2011 - [@ZDFonline] heute.de: Griechenlands Schulden höher als erwartet http://goo.gl/fb/9eQld
Tue Apr 26 17:29:57 2011 - [@Cohnina] hätte jetzt gern 'ne Currywurst.... #fb
Tue Apr 26 17:29:57 2011 - [@Rainer_Klute] @Dave_Kay Um ein Risiko einschätzen zu können, brauchst du #Zahlen. Emotionen helfen da nicht.
Tue Apr 26 17:29:57 2011 - [@stevie2904] Falls etwas sehr trauriges zu verkünden ist, wäre jetzt ein guter Zeitpunkt. Ich heule eh schon: SCHEISS POLLEN!!!! :-(
Tue Apr 26 17:29:57 2011 - [@germanpsycho] Habe heute so viel gearbeitet wie in den letzten beiden Quartalen des Jahres 2010. Antibiotika scheinen komische Nebenwirkungen zu haben.
Tue Apr 26 17:29:57 2011 - [@fasel] Stalker-Apps: Facebook-Angreifer werden immer raffinierter - Golem.de http://bit.ly/eio6nR Aus Datenangst wird Spam
Tue Apr 26 17:29:57 2011 - [@sonnyboy13] RT @fquack: Aufmacher: 27 Prozent mehr Minijobber in Deutschland seit 2003. Inzwischen 7,3 Millionen Menschen. In Unterfranken sind es über 133 000.
Tue Apr 26 17:29:57 2011 - [@C_Holler] Was macht eigentlich Assange?
Tue Apr 26 17:29:57 2011 - [@herrurbach] @C_Holler Urlaub
Tue Apr 26 17:29:57 2011 - [@kaifuzius] Ich such immernoch ein gescheites #gtd tool.. mittlerweile nehm ihc auch online-dienste die taugen.. vorschlaege anyone? #followerpower
Tue Apr 26 17:29:57 2011 - [@Flachshaar] Endlich Regen - mein gelbes  Baumsperma-Auto färbt sich wieder schwarz.
Tue Apr 26 17:29:57 2011 - [@laprintemps] Burgeramt schlägt Burgermeister. Aber nicht die Frittebud. #bonn #berlin #fb
Tue Apr 26 17:29:57 2011 - [@Rainer_Klute] @Dave_Kay Die INES-Stufe 7 sagt für sich allein nicht viel, siehe http://www.twitpic.com/4k1mrg
Tue Apr 26 17:29:57 2011 - [@de_Wastl] @tuxwurf Wenn ich jetzt sag 19:30, dann können wir um 20:00 anfangen.... ;)
Tue Apr 26 17:29:57 2011 - [@ds187] hab gerade fenster geputzt.....es is garnicht bewoelkt draussen.....wahrscheinlich die ganzen letzten tage nicht, was?
Tue Apr 26 17:29:57 2011 - [@monasterium] @tuxwurf Ne, da fehlt das "Kleingeld" :D
Tue Apr 26 17:34:42 2011 - [@de_Wastl] Gibts im Ecksteins eigentlich Fussball? :-(
Tue Apr 26 17:34:42 2011 - [@Rainer_Klute] @Dave_Kay Außerdem ist die Menge radioaktiven Materials (Becquerel) die eine Sache, die Auswirkungen auf den Menschen eine andere (Sievert).
Tue Apr 26 17:34:42 2011 - [@DerWesten] In Recklinghausen haben sechs Männer einen 19-Jährigen bewusstlos geschlagen und getreten: http://www.derwesten.de/4580977
Tue Apr 26 17:34:42 2011 - [@Cohnina] RT @fabriziobellucc: Impfstoff für über 56 Millionen Franken wandert in den Schredder - für wieviel wohl in Deutschland? http://tinyurl.com/658mgju
Tue Apr 26 17:34:42 2011 - [@tuxwurf] @de_Wastl mh, kay
Tue Apr 26 17:34:42 2011 - [@OlafLewitz] :-) RT @falseSteveJobs: There's an easy way to disable your iPhone from secretly tracking you. Just keep a firm grip on it at all times.
Tue Apr 26 17:34:42 2011 - [@beapirate] Wenn ich ganz viel Kaffee trinke wirkt das bestimmt irgendwann ein bischen wie Bier.
Tue Apr 26 17:34:42 2011 - [@TiiaAurora] Die @Shusbasa und ich starten unser eigenes kleines Familienunternehmen.
Tue Apr 26 17:34:42 2011 - [@SchwarzeLocke] @kaifuzius Bei der Wikipedialiste war nix dabei?
Tue Apr 26 17:34:42 2011 - [@die_sylvi] Lesenswert: "Digital bin ich einfach besser."  Interview über Mensch >-< Technik: http://www.zeit.de/zeit-wissen/2011/03/Amber-Case?page=all
Tue Apr 26 17:34:42 2011 - [@tuxwurf] @monasterium stimmt auch wieder^^
Tue Apr 26 17:34:42 2011 - [@netzpolitik] <3 ist als Marke geschützt: Digital common land becomes a registred trademark. http://bit.ly/hUNT2q
Tue Apr 26 17:34:42 2011 - [@FR31H31T] Outlook 2007 Einrichtung so: "Ihr Name: (Beispiel: Melanie Speckman)" HAT OUTLOOK MICH GERADE FETT GENANNT?
Tue Apr 26 17:34:42 2011 - [@netzpolitik] Reaktionen auf “Locationgate”: http://bit.ly/erOSDR
Tue Apr 26 17:34:42 2011 - [@FR31H31T] (HAT OUTLOOK MICH GERADE MELANIE GENANNT???)
Tue Apr 26 17:34:42 2011 - [@_Rya_] Da bin ich skeptisch: RT @telepolis_news: Internetbenutzung soll Jugendliche zu "riskanten" Verhaltensweisen verführen http://bit.ly/f2t8JN
Tue Apr 26 17:39:32 2011 - [@quwr] Montagsdemo am Dienstag? #wtf http://twitpic.com/4psfrh
Tue Apr 26 17:39:32 2011 - [@pantoffelpunk] CONCENTRATE! ♫ http://blip.fm/~141jr1
Tue Apr 26 17:39:32 2011 - [@herrurbach] RT @netzpolitik: <3 ist als Marke geschützt: Digital common land becomes a registred trademark. http://bit.ly/hUNT2q
Tue Apr 26 17:39:32 2011 - [@marynmck] RT @civileater: RT @AliceWaters: Real food or coke? #atlanticfood http://twitpic.com/4ps7of
Tue Apr 26 17:39:32 2011 - [@Textheld] RT @netzpolitik: <3 ist als Marke geschützt: Digital common land becomes a registred trademark. http://bit.ly/hUNT2q
Tue Apr 26 17:39:32 2011 - [@TiiaAurora] RT @gillyberlin: ... m( RT @netzpolitik: &lt;3 ist als Marke geschützt: Digital common land becomes a registred trademark. http://bit.ly/hUNT2q
Tue Apr 26 17:39:32 2011 - [@johnny_cash] Großartig!!! Im letzten Artikel bei @aptgetupdateDE habe ich die 'Diskriminierung' schon im Topic versteckt xD #user #nutzer
Tue Apr 26 17:39:32 2011 - [@TiiaAurora] </3
Tue Apr 26 17:39:32 2011 - [@OlafLewitz] RT @scrumphony: Wir suchen nach einem Scrum-Coach. Interesse? >> http://ow.ly/4H83G #scrum #sybit
Tue Apr 26 17:39:32 2011 - [@Cohnina] Die Schüsseln sind voll super - PENNY: Produktübersicht http://t.co/OJ9kV2p
Tue Apr 26 17:39:32 2011 - [@Scytale] Kann mir jemand verraten, warum der IE9 JavaScript-Code im <head> eines iFrame-Dokuments mehrfach ausführt?! #wtf #facebook #pagetab
Tue Apr 26 17:39:32 2011 - [@bmkraus] Mit der Schulter voll vor die Tür laufen: Ich
Tue Apr 26 17:39:32 2011 - [@kaifuzius] @SchwarzeLocke ja doch, aber ich wollt mal empfehlungen haben, die alle durchzuteste hab ich keine zeit ;)
Tue Apr 26 17:39:32 2011 - [@La_Loupina] Es ist definitiv KEINE gute Idee mit der Fliegenklatsche die Fliege zu erschlagen, die sich auf einem befindet - schon gar nicht so fest #au
Tue Apr 26 17:39:32 2011 - [@kaifuzius] Warum hat #thinkingrock keine gescheite sync-funktion.. sonst haette ich alles was ich brauche #gtd
Tue Apr 26 17:39:32 2011 - [@jojonks] @de_Wastl Ok, das sollte ich mitbekommen.
Tue Apr 26 17:39:32 2011 - [@laprintemps] RT @habichthorn: Leute, die Smileys hinter eigentlich böse gemeinte Aussagen setzen. Als wäre das Geschriebene dann weniger schlimm.
Tue Apr 26 17:39:32 2011 - [@Dave_Kay] @Rainer_Klute Ja, klar, Stufe 7 war jetzt nur ne adäquate Angabe, womit sonst soll man das ausdrücken? Maximales Strahlungsleck?
Tue Apr 26 17:39:32 2011 - [@germanpsycho] Für die Tweets von Snow_One könnt ich mir auch gleich nen Auto-Favbot schreiben.
Tue Apr 26 17:39:32 2011 - [@nerdcoreblog] :: Timeline of Science Fiction Ideas, Technology and Inventions http://bit.ly/i8QYTu
Tue Apr 26 17:39:32 2011 - [@iLoreene] sooooooo viele stoffe gekauft <3
Tue Apr 26 17:44:52 2011 - [@wikileaks] REQUEST: We want our supporters to support each other and organize. Add #wlsup to your tweets and seek each other out.
Tue Apr 26 17:44:52 2011 - [@Dave_Kay] @Rainer_Klute hör mal, das ist doch vollkommen wumpe. Fakt ist, geht son Ding in nem dicht besiedelten Gebiet hoch (ähnlich Tschernobyl) 1/2
Tue Apr 26 17:44:52 2011 - [@bov] WOW! finde endlich heraus, wieso du zu dumm für's Internet bist.  http://www.facebook.com/event.php?eid=220014068012938
Tue Apr 26 17:44:52 2011 - [@frank_rieger] Was nimmt man denn so für ein Online-Abstimmungstool für alternative Namen für die #Kulturwertmark?
Tue Apr 26 17:44:52 2011 - [@pantoffelpunk] RT @Kostadamus: "Wieso sieht denn das Kondom so komisch aus?" - "Ist mein Glückskondom, der ist noch nie gerissen."
Tue Apr 26 17:44:52 2011 - [@Dave_Kay] @Rainer_Klute kannst du dir deine Statistik in die Haare schmieren.
Tue Apr 26 17:44:52 2011 - [@antjeschrupp] Gibt es irgendwo schon eine Selbsthilfegruppe zum Thema: Wenn mein Blog zum Kummerkasten wird?
Tue Apr 26 17:44:52 2011 - [@Dave_Kay] @Rainer_Klute Ich glaube zudem, dass es Fakt ist, dass Kohletote das Risiko bewusst gewählt haben, während die opfer von atomaren
Tue Apr 26 17:44:52 2011 - [@Cohnina] RT @Priesterzions: Gelangweilt? Heute noch nichts vor? Dann auf nach Heidelberg, hier gibts heute einen Science Slam - http://bit.ly/guLB1z - Amen
Tue Apr 26 17:44:52 2011 - [@Rainer_Klute] @Dave_Kay Kommt darauf an, was du gerade wissen willst: Menge freigesetzten Materials, Auswirkungen auf Menschen, Boden, Luft, Meer usw.
Tue Apr 26 17:44:52 2011 - [@jojonks] @tuxwurf Ich schulde dir noch 3€
Tue Apr 26 17:44:52 2011 - [@presseschauer] Politik 2.0 – der Staat ist nicht die Lösung http://mspr0.de/?p=2206
Tue Apr 26 17:44:52 2011 - [@Dave_Kay] @Rainer_Klute Katastrophen vorwiegend nicht den hauch einer Chance hatten, zu wählen. Wer in eine mehrere hundert Meter tiefe Grube einfährt
Tue Apr 26 17:44:52 2011 - [@PickiHH] RT @codepo8: A friend asked for a name for a Black Metal song which should be "pure evil and soul crushing". I proposed "Oracle Expense system form"
Tue Apr 26 17:44:52 2011 - [@Dave_Kay] @Rainer_Klute weiß vermutlich worauf er sich einlässt. Während bei den AKWs ja sogar meistens tot geschwiegen wird, wenn es schon probleme
Tue Apr 26 17:44:52 2011 - [@Dave_Kay] @Rainer_Klute gab. Die Anwohner erfahren das oft nicht.
Tue Apr 26 17:44:52 2011 - [@Dave_Kay] @Rainer_Klute gibt es eine Fachbegriff für einen Unfall mit höchstmöglichem Impact auf menschliches leben??
Tue Apr 26 17:44:52 2011 - [@towo] RT @ruebezahl: wünscht sich weniger Fefe/Frank/Einzelpersonen - Folklore in offiziellen CCC-Kanälen, die eine nicht vorhandene Konsensmeinung suggerieren.
Tue Apr 26 17:44:52 2011 - [@NetReaper] RT @Janine_Wissler: Klaus Ernst wurde aus der SPD ausgeschlossen,weil er die Agenda 2010 kritisierte,Rassist Sarrazin darf bleiben.
Tue Apr 26 17:49:27 2011 - [@BoraZ] RT @DoctorZen: Scientists have no sense of humour? The name of this new lobster species suggests otherwise: http://bit.ly/gEOMM6 New at NeuroDojo!
Tue Apr 26 17:49:27 2011 - [@BoraZ] RT @DoctorZen: Is there any hope for getting invasive crayfish under control? http://bit.ly/feAbEd At the Marmorkrebs blog.
Tue Apr 26 17:49:27 2011 - [@tuxwurf] @jojonks oh, stimmt. Dann sollte das klappen :3
Tue Apr 26 17:49:27 2011 - [@BoraZ] RT @DoctorZen: First of three critiques of #AACR poster competition finalists: http://bit.ly/hNvp04 New at Better Posters blog! Thanks, @flutesUD!
Tue Apr 26 17:49:27 2011 - [@carlzimmer] Loom: Finding your inner time machine: My new column for Discover http://bit.ly/eA2oJg
Tue Apr 26 17:49:27 2011 - [@iLoreene] Einkauf <3  http://twitpic.com/4psjy4
Tue Apr 26 17:49:27 2011 - [@bmkraus] so bin nun erstmal einkaufen...
Tue Apr 26 17:49:27 2011 - [@iLoreene] witz des tages: Firma sperrt sämtliche internetseiten. ABER facebook geht -.- #fail
Tue Apr 26 17:49:27 2011 - [@tarzun] @frank_rieger Die Piraten haben da nen Serverduo rum-idlen...
Tue Apr 26 17:49:27 2011 - [@Rainer_Klute] @Dave_Kay Tsunami?
Tue Apr 26 17:49:27 2011 - [@pantoffelpunk] skankshot, sackstarker und sympatischer Ska-Punk aus Hamburg live sehen http://bit.ly/grZLqN & runterladen http://bit.ly/hf7Ehe
Tue Apr 26 17:49:27 2011 - [@CowboyOfBottrop] I'm at Georg Melches Stadion (Hafenstraße 97 a, Essen) http://4sq.com/eY4vKL
Tue Apr 26 17:49:27 2011 - [@Roterhai] http://www.animal-health-online.de/klein/2011/04/20/erkrankungen-des-herzen-bei-der-katze/7102/
Tue Apr 26 17:49:27 2011 - [@ennomane] RT @343max: Endlich tippen wie die Hackerkids in den Filmen. http://t.co/kxCT8NK (via @mediaatelier)
Tue Apr 26 17:49:27 2011 - [@klout] Have you checked out the new Klout.com? http://bit.ly/f92W3N
Tue Apr 26 17:49:27 2011 - [@9er0] Werden #Facebook-Wallposts nur noch für Geburtstagsgrüße verwendet? Oder gibt es darin auch einen Nutzen?
Tue Apr 26 17:49:27 2011 - [@BoraZ] RT @edyong209: I love that #fakeSbhistory made it into @CJR  http://bit.ly/dVR5a6 cc @tvjrennie
Tue Apr 26 17:49:27 2011 - [@pantoffelpunk] "Un­se­re Songs sind nicht bei der Gema an­ge­mel­det, son­dern ste­hen unter eine Crea­ti­ve Com­mons Li­zenz." #skankshot
Tue Apr 26 17:49:27 2011 - [@CaeVye] Offenbar hat @Schmidtlepp eine andere Vorstellung von gut vorbereiteten Anträgen als ich http://4ms.me/gNbglw (nein, war nicht meine Frage).
Tue Apr 26 17:54:28 2011 - [@wikileaks] DW: WikiLeaks skewers US on Guantanamo and rightly so http://is.gd/4Jf3Wx
Tue Apr 26 17:54:28 2011 - [@kruemel26] Abendessen mit den Patenjungs, gibt bestimmt Streit: Baustelle oder Feuerwehr? http://twitpic.com/4pslxy
Tue Apr 26 17:54:28 2011 - [@JP_81] Wer möchte, dass die @PoolHallMS künftig auf Comic Sans verzichtet, poste doch morgen um 11:55h ein "C". #nocomicsans
Tue Apr 26 17:54:28 2011 - [@antjeschrupp] Gute Idee: @maennig schlägt vor, den Kummerkasten zu monetarisieren, @kteatime wirft dafür muttr.org und @r_appel kummr.org in die Runde!
Tue Apr 26 17:54:28 2011 - [@plaetzchen] Habe heute bei den Stadtwerken die Mehrzweckehalle für einen Programmparteitag angefragt. #Transparenztweet #bpt11
Tue Apr 26 17:54:28 2011 - [@Dave_Kay] @Rainer_Klute Meteroiteneinschlag? wer bietet mehr? erkenne den Unterschied zwischen menschengemacht und Naturkatastrophe?
Tue Apr 26 17:54:28 2011 - [@Rainer_Klute] @Dave_Kay Das darf nicht sein! Ich fordere #Transparenz und öffentliche Überwachung von #Kernkraftwerken. Die Infrastruktur ist da.
Tue Apr 26 17:54:28 2011 - [@stelten] -> @Stelten's Tagesschau wurde gerade publiziert! http://bit.ly/cWzSIu ▸ Top Stories heute von @echomuenster @haekelschwein
Tue Apr 26 17:54:28 2011 - [@DerWesten] RT @DerWesten_DO Brennender Lkw auf der A2 bei Hamm: Fahrbahn Richtung #Dortmund gesperrt. http://www.derwesten.de/4581146 #nrwverkehr
Tue Apr 26 17:54:28 2011 - [@germanpsycho] „Ja gutääääh,” sagt mein Kollege, und ich antworte mit gedehntem „Wehteheff”. Dieser Dialog wurde gesponsort vom: Internet.
Tue Apr 26 17:54:28 2011 - [@_Rya_] Ich bin nicht sicher, ob schnelle Beschlüsse in einer Demokratie sinnvoll sind. Sie beenden die Phase des Diskurses mitunter voreilig.
Tue Apr 26 17:54:28 2011 - [@wikileaks] WikiLeaks Android phone game released "Trickyleaks" http://is.gd/tlO4lT
Tue Apr 26 17:54:28 2011 - [@Cohnina] Bin zu blöd für das online Prospekt vom Futterhaus & zugleich fasziniert auf wieviele verschiedene Arten sich dessen Ecke rollen kann
Tue Apr 26 17:54:28 2011 - [@Herusche] Freiheit für Tibet - Free Tibet - Rettet Tibet - Save Tibet #Tibet #China http://www.youtube.com/watch?v=J-IqoT2zdYI
Tue Apr 26 17:54:28 2011 - [@La_Loupina] Tschernobyl: Die ersten 25 Jahre von wie vielen?: http://tinyurl.com/438txl9 #EvangelischDE
Tue Apr 26 17:54:28 2011 - [@ChrisStoecker] RT @zephoria: It looks like Friendster is deleting all of people's photos and blogs by May 31. http://tcrn.ch/dWlRAd  The end of an era...
Tue Apr 26 17:54:28 2011 - [@Scytale] Hier liegt ein SNES einsam an der Hauswand rum.
Tue Apr 26 17:54:28 2011 - [@monasterium] @plaetzchen Du meinst Heftzwecke?
Tue Apr 26 17:59:47 2011 - [@koesters58] @JP_81 was habt ihr nur alle gegen comic sans? :))
Tue Apr 26 17:59:47 2011 - [@Cohnina] Meine timeline ist gemein: Ich tweete mein Bedürfnis nach Currywurst & ihr esst welche & twitpict Fotos davon... #hunger
Tue Apr 26 17:59:47 2011 - [@tuxwurf] @koesters58 Es ist schlicht und einfach: Scheiße.
Tue Apr 26 17:59:47 2011 - [@huxi] Geil!! Der Regen macht das Pflanzenbukkake platt! #win
Tue Apr 26 17:59:47 2011 - [@pantoffelpunk] Riot! Riot! Riot! #skankshot ♫ http://blip.fm/~141kil
Tue Apr 26 17:59:47 2011 - [@carlzimmer] Arg. Wishing I was in Princeton for this talk tomorrow: "How Math Comes to Mind,"w/ Stanislas Dehaene & Steven Strogatz http://t.co/e7jHbIn
Tue Apr 26 17:59:47 2011 - [@raichoo] RT @mariofusco: #Scala 2.9.0 RC2 is out http://www.scala-lang.org/downloads It's really time to play with parallel collections :)
Tue Apr 26 17:59:47 2011 - [@MishaAngrist] Me, @BIOITEditor and Fran the Man reviewed in American Scientist  http://bit.ly/fHd3wn
Tue Apr 26 17:59:47 2011 - [@Dave_Kay] @Rainer_Klute natürlich darf das nicht sein. Aber "Es kann nicht sein, was nicht sein darf" ist diesbezüglich eben nicht Realität.
Tue Apr 26 17:59:47 2011 - [@F0O0] RT @LarsUlrich92: so ab morgen kann auf für tk unterschrieben werden... bin morgen 10 uhr im bezirkswahlamt... nachmittags sind dann pdf's da
Tue Apr 26 17:59:47 2011 - [@germanpsycho] So. Ich verlasse nun dieses Büro. Die Hände fangen an zu zittern & ich fühl mich schon wie der @griesgraemer.
Tue Apr 26 17:59:47 2011 - [@JadAbumrad] Yet more evidence that we're being phased out RT@erinbiba Census show women outnbr men for 1st time in fnshng collge - http://apne.ws/hl2qJN
Tue Apr 26 17:59:47 2011 - [@NetReaper] Gibt es den "radioaktiven Munch" auch als Bilddatei? #AntiAKW #Piraten #AntiAtom http://bit.ly/f5lCdX
Tue Apr 26 17:59:47 2011 - [@TiiaAurora] YAY die erste Spam Mail dank des DM Debakels.
Tue Apr 26 17:59:47 2011 - [@presroi] RT @hauschke: RT @kaiec Thanks @hauschke for blogging about our CC0 catalog data: http://bit.ly/h2XUWa
Tue Apr 26 17:59:47 2011 - [@bmkraus] I'm at Haltestelle Rosendellerstraße in Mulheim-on-Ruhr http://gowal.la/c/46bVg
Tue Apr 26 17:59:47 2011 - [@zeitweise] Ich habe noch nie einen normalen Menschen kennengelernt. Normale Menschen gibt es nur aus der Ferne.
Tue Apr 26 18:04:27 2011 - [@johnny_cash] Zum Glück ist morgen Freitag. Also für mich ;) #fb
Tue Apr 26 18:04:27 2011 - [@Scytale] Wer in #Mannheim ein SNES haben will (Besitzer/Zustand unbekannt): Zwischen J6 und K6 oder so.
Tue Apr 26 18:04:27 2011 - [@bmkraus] Moah... auf die blöde Bahn warten...
Tue Apr 26 18:04:27 2011 - [@koesters58] @JP_81 @tuxwurf @Woxel0r comic sans ist die einzige schrift die ich kenne, die gleichzeitig simpel, klar, dekorativ UND leserlich ist.
Tue Apr 26 18:04:27 2011 - [@peterglaser] Musik zum Abend: Anat Cohen, "Veinte Anos" ♫ http://bit.ly/evXvWx
Tue Apr 26 18:04:27 2011 - [@ElmarBreitbach] 27.4. Themenabend auf Phoenix: "Fremde Kinder". Eizellspende, Samenspende und Leihmutterschaft. http://bit.ly/gfO0gP #sensationsgeil
Tue Apr 26 18:04:27 2011 - [@_sub_rosa_] "Lass die Vergangenheit, wo sie ist." "OK. Dann bist du dafür verantwortlich, dass es in einigen Tagen eine Leiche mehr im Keller gibt."
Tue Apr 26 18:04:27 2011 - [@ennomane] #Sarrazin : Gründer des AK jüdische Sozialdemokraten verlässt die SPD "Betrübt und beschämt"  http://bit.ly/hI3qLT
Tue Apr 26 18:04:27 2011 - [@bmkraus] Schön es kommt erst die Gegenrichtung... das dauert hier also noch... #Bahn...
Tue Apr 26 18:04:27 2011 - [@TiiaAurora] RT @chaotin: Ich komm hier http://tsia.de/426 bei Schritt 3 gerade echt nicht weiter, weil "command not found". Was mach ich falsch? #android #hilfe
Tue Apr 26 18:04:27 2011 - [@Lotterleben] JUHU! Arzttermin, auf den ich seit Wochen warte, verpeilt... :( scheißescheißescheiße. Und schlechtes Gewissen.
Tue Apr 26 18:04:27 2011 - [@OlafLewitz] Watching St Trinian's with my daughter. Hilarious way to learn English:-)
Tue Apr 26 18:04:27 2011 - [@Rainer_Klute] @Dave_Kay Da muß man halt vorsorgen, was die Japaner bei ihren Küstenstädten und beim KKW #Fukushima nur unzureichend gemacht haben.
Tue Apr 26 18:04:27 2011 - [@ennomane] "Das Thema Sarrazin ist nicht Integration, [es] ist Toleranz. Das Thema Sarrazin ist nicht Meinungsfreiheit, [es] ist Respekt."
Tue Apr 26 18:04:27 2011 - [@JP_81] @koesters58 http://t.co/8YCa2g9
Tue Apr 26 18:04:27 2011 - [@amphibol] Expert Panel: Central U.S. Faces Real Threat of Quake http://bit.ly/dJgIGU
Tue Apr 26 18:04:27 2011 - [@de_Wastl] 4700 mAh :-)  = ~ 4 Tage ohne Steckdose.  #win
Tue Apr 26 18:09:57 2011 - [@StefanKirsch] I'm at Handelsblatt Café (Flughafen Düsseldorf, Düsseldorf) http://4sq.com/fZMQ4J
Tue Apr 26 18:09:57 2011 - [@F0O0] RT @Schmidtlepp: Who's your favorite Disney character? — Darth Vader http://4ms.me/eAijLJ
Tue Apr 26 18:09:57 2011 - [@JP_81] @koesters58 es gibt aber auch ernsthafte Verwendungszwecke: http://t.co/ZBQh3Mz
Tue Apr 26 18:09:57 2011 - [@bmkraus] Hmm... nen neuer Avatar wäre auch nicht schlecht... nachher mal drum kümmern...
Tue Apr 26 18:09:57 2011 - [@pantoffelpunk] Zeit für ein wenig guten Pop. Mach Feierabend und put on your dancing-shoes! ♫ http://blip.fm/~141kus
Tue Apr 26 18:09:57 2011 - [@F0O0] Twitter, die die Welt bedeuten
Tue Apr 26 18:09:57 2011 - [@iLoreene] „bis wann solls fertig sein?“ „heut nachmittag“ xD whaaaaaat... :D
Tue Apr 26 18:09:57 2011 - [@koesters58] @JP_81 auch schön, aber der unterschnitt ist mißlungen... #technical
Tue Apr 26 18:09:57 2011 - [@summe] So ich muss jetzt mal Feierabend machen. Das hat so keinen Sinn.
Tue Apr 26 18:09:57 2011 - [@tuxwurf] @koesters58 aber sie ist total hässlich.
Tue Apr 26 18:09:57 2011 - [@JP_81] @koesters58 Wenn man CS in GROSSBUCHSTABEN schreibt, ist das auch furchtbar, insbesondere das große i.
Tue Apr 26 18:09:57 2011 - [@iLoreene] wohl heute nacht durcharbeiten xD
Tue Apr 26 18:09:57 2011 - [@bmkraus] Und ja: ich suche nur einen Grund die Wohnung nicht aufzuräumen...
Tue Apr 26 18:09:57 2011 - [@presroi] RT @hauschke: Daumen hoch, @Lambo! "Sacherschließung von Literatur in und mit der Wikipedia — der funktionierende Prototyp LITurgy": http://bit.ly/fYtpPP
Tue Apr 26 18:09:57 2011 - [@bmkraus] RT @im_wunderland: "alter schützt vor liebe nicht. aber liebe vor dem altern."
Tue Apr 26 18:09:57 2011 - [@BoraZ] RT @davidkroll: Just remembered that it was 5 yrs ago this month (on my birthday!) @katherinesharpe invited my 4-mo old blog to ScienceBlogs #SBhistory
Tue Apr 26 18:09:57 2011 - [@blackwolf_cgn] @Flachshaar Hast Du den Artikel gelesen? - Ist es evtl. eine Falschaussage des Bundestages bzw. des Verantwortlichen Jörg Biallas?
Tue Apr 26 18:14:27 2011 - [@TiiaAurora] Wenn man schon Spam schickt, sollte man den nach Fehlern überprüfen.
Tue Apr 26 18:14:27 2011 - [@tuxwurf] Kann man mit dem kostenlosen Appmonster keine apk's mehr installieren? #android falls ja: kennt wer alternativen?
Tue Apr 26 18:14:27 2011 - [@iLoreene] soooo mit was photoshoppe ich jetzt? macbook oder imac... hm.
Tue Apr 26 18:14:27 2011 - [@martinlindner] "Wenn man (zumindest in bestimmten Bereichen) politisch sein will, dann sollte man Software schreiben & ein Startup gründen." (@mspro)
Tue Apr 26 18:14:27 2011 - [@amphibol] The amphibol Daily wurde gerade publiziert! http://bit.ly/fpg6sn ▸ Top Stories heute von @assaf_sami @zinken
Tue Apr 26 18:14:27 2011 - [@La_Loupina] @Werewolftamer ist zu Hause und als erstes kommt der #Vorabendbrotcache :D also Kinder und Hund eingepackt und auf #geocaching Tour :D
Tue Apr 26 18:14:27 2011 - [@pantoffelpunk] Ein Lied für die Linkshirnextremistinnen, die gegen 15:30 aufstehen. ♫ http://blip.fm/~141l0w
Tue Apr 26 18:14:27 2011 - [@F0O0] Irgendein Penner hat meinen Nick bei formspring. Ich raste aus.
Tue Apr 26 18:14:27 2011 - [@StefanKirsch] likes that: Production start: #Siemens to build first regional trains for Russian City Sochi in #Krefeld: http://ow.ly/1sGK2i
Tue Apr 26 18:14:27 2011 - [@jensbest] Ein paar Nixraffs in den überkommenen Machtzentralen Europas wollen eine Grenze ums Europäische Web. http://t.co/nWYjPYl via @Alvar_f #china
Tue Apr 26 18:14:27 2011 - [@Rainer_Klute] @Dave_Kay Nu! Lies doch auch meinen zweiten Satz!
Tue Apr 26 18:14:27 2011 - [@zeitrafferin] Scheiß Praktikanten! Seuche!
Tue Apr 26 18:14:27 2011 - [@ennomane] Operateurin kam rein: Ich habe einen Bilderbuch-OP gehabt und mein Gehirn spreche hervorragend auf die künstlichen Signale an.
Tue Apr 26 18:14:27 2011 - [@kruemel26] Spannung im Elternhause kruemel steigt.. ;) http://instagr.am/p/Dk3Ls/
Tue Apr 26 18:14:27 2011 - [@jojonks] @de_Wastl welches gerät?
Tue Apr 26 18:19:27 2011 - [@kruemel26] Bin dann mal unterwegs mit den Patenjungs :)
Tue Apr 26 18:19:27 2011 - [@CowboyOfBottrop] I'm at Cowboy's Home (In der Welheimer Mark 10a, Bottrop) http://4sq.com/hBC9MY
Tue Apr 26 18:19:27 2011 - [@huxi] RT @scanlines: Gut, daß Drogen nicht willkürlich, sondern nach rationalen Kriterien erlaubt und verboten sind. Prost! http://www.n-tv.de/3184556
Tue Apr 26 18:19:27 2011 - [@Besimo] Das Leica-Phone, oder wie?   Die Idee gefällt mir http://j.mp/flNPGm
Tue Apr 26 18:19:27 2011 - [@rheinzeitung] Und wie sieht Liebe bei Euch so aus? ;-) RT @herkenroth: Unsere Welpen lieben die @Rheinzeitung ;-) http://twitpic.com/4pbebq
Tue Apr 26 18:19:27 2011 - [@LouWoodley] All 3 Storifys of #sonyc now done; panel presentations: http://bit.ly/ghhwQ8 Q&A: http://bit.ly/fB7IRq & feedback: http://bit.ly/finABn
Tue Apr 26 18:19:27 2011 - [@r2_0] ui, der @pfuetz sagt ja richtig viele schlaue Dinge im Interview der @PP_Flaschenpost
Tue Apr 26 18:19:27 2011 - [@NineBerry] Die CDU verteidigt den Staat gegen den "bedrohenden Bürger"
Tue Apr 26 18:19:27 2011 - [@r2_0] RT @Kostadamus: "...und sie lebten glücklich und zufrieden bis sie sich trafen."
Tue Apr 26 18:19:27 2011 - [@Dave_Kay] @Rainer_Klute isja gut, der ändert doch aber nix an den Realitäten ;D
Tue Apr 26 18:19:27 2011 - [@inkorrupt] The #piracy Daily is out! http://bit.ly/dllUr4 ▸ Top stories today via @neilpertoldi @reuvenim @gulednur @spazzbooks @twechy
Tue Apr 26 18:19:27 2011 - [@Flachshaar] @blackwolf_cgn Es steht in Anführungszeichen. Deshalb ist es weder falsch noch richtig, sondern kann vom Leser beliebig gedeutet werden.
Tue Apr 26 18:19:27 2011 - [@Wernermuende] @de_Wastl want!
Tue Apr 26 18:19:27 2011 - [@derUnterstrich] So die Vorstandssitzung des TSC-Eintracht Dortmund Abteilung Judo hat begonnen.
Tue Apr 26 18:19:27 2011 - [@MZ_MUENSTER] Morgen gehts bei uns um den Aufstieg... Wir übergeben an den Spätdienst und sagen tschüss!
Tue Apr 26 18:19:27 2011 - [@antjeschrupp] Am 1. Mai ist übrigens Weltlachtag. In Bonames. #pressemeldungen
Tue Apr 26 18:19:27 2011 - [@Rainer_Klute] @Dave_Kay Nur dann, wenn die Forderung umgesetzt wird. Wenn wir den Betreibern auf die Finger gucken, werden die nicht soviel Mist machen.
Tue Apr 26 18:19:27 2011 - [@ennomane] (Und morgen dürfe ich aufstehen und rumlaufen, damit ich wieder zu Kräften käme. Hätte sie sagen sollen, bevor ich mein Tablett wegbringe.)
Tue Apr 26 18:19:27 2011 - [@terrorzicke] Gebloggt: "Von mir hat sie das nicht." http://bit.ly/dMvjML #Kindermund
Tue Apr 26 18:24:47 2011 - [@nalfion] @de_Wastl bringst du ein paar #Kompass mit?
Tue Apr 26 18:24:47 2011 - [@lsanoj] @fasel ist sie halt derzeit nur zwischen 6-22 uhr...
Tue Apr 26 18:24:47 2011 - [@nerdcoreblog] :: Femen protest Chernobyl with Tits and Gasmasks (NSFW, sort of) http://bit.ly/heieHO
Tue Apr 26 18:24:47 2011 - [@marynmck] RT @tlaskawy: Hmm. Looks like @TheAtlanticLIFE took the#biotech money and ran. Is this the new media paradigm?: http://bit.ly/fho1XJ
Tue Apr 26 18:24:47 2011 - [@marynmck] RT @ethicurean: What Were They THINKING?! #atlanticfood's sustainable ag panel is anything but http://bit.ly/fho1XJ @theAtlanticLife
Tue Apr 26 18:24:47 2011 - [@raichoo] Dafür das #apple angeblich solche Musikliebhaber sind scheinen sie wirklich zu dämlich zu sein vernünftige Klinkenbuchsen zu verbauen.
Tue Apr 26 18:24:47 2011 - [@TiiaAurora] Beauty:  Das Drama um die #Emailadressen http://goo.gl/fb/K8XTB #nachgedacht #datenschutz #dmdrogeriemarkt
Tue Apr 26 18:24:47 2011 - [@haekelschwein] Zahl des Tages 0,006%. Um so viel verbessert sich die Aufklärungsquote durch Vorratsdatenspeicherung. Wenn sich dafür nicht Stasi 2.0 lohnt!
Tue Apr 26 18:24:47 2011 - [@r2_0] RT @FredUndSo: Ich wär gern ein Löwe. Bumsen. Fressen. Geile Frisur.
Tue Apr 26 18:24:47 2011 - [@_Rya_] Auch Heike Schmoll hat Angst vor der Gemeinschaftsschule RT @FAZ_NET: Schulpolitik in Baden-Württemberg: http://www.faz.net/-01T58S
Tue Apr 26 18:24:47 2011 - [@wikileaks] Good Guantanamo press roundup by Foreign Policy http://is.gd/UxO1FZ
Tue Apr 26 18:24:47 2011 - [@de_Wastl] @nalfion Yepp
Tue Apr 26 18:24:47 2011 - [@BoraZ] RT @brianreid: The #ScienceBlogs hubbub suggests I need to do work on the scienceblogging chart: http://bit.ly/gouScP (Thanks to all for recent edits!)
Tue Apr 26 18:29:22 2011 - [@fasel] RT @metronaut: Guantanamo Eyewear: http://is.gd/48MtNm
Tue Apr 26 18:29:22 2011 - [@Scytale] Cool, von netzpolitik.org gibt's jetzt auch ne mobile Version mit spartanischem Grusel-Minimalstyling! ... Warte mal, das ist die normale...
Tue Apr 26 18:29:22 2011 - [@terrorzicke] Die Lektüre sei vor allem Herrn Westerwelle ans Herz gelegt: http://bit.ly/dXfaoh
Tue Apr 26 18:29:22 2011 - [@nuin] Velociraptor From 'Jurassic Park' Dies http://ff.im/-C0xLx
Tue Apr 26 18:29:22 2011 - [@wikileaks] BBC responds to Gitmo Files accusations its employees may have collaborated with Al Qaeda http://huff.to/gbmLaW
Tue Apr 26 18:29:22 2011 - [@CowboyOfBottrop] I'm at Hundewiese (In der Welheimer Mark, Bottrop) http://4sq.com/g0fHFH
Tue Apr 26 18:29:22 2011 - [@BoraZ] RT @Comprendia: #scio11 Web2.Owned survey: pervasive scientist social media use, 1 tool dominates-guess? http://comprendia.com/surveyscio11
Tue Apr 26 18:29:22 2011 - [@Vergraemer] Puh. Die erste offizielle Kritik. Und auch noch positiv: http://bit.ly/fpZnNt
Tue Apr 26 18:29:22 2011 - [@marynmck] RT @civileater: .@theAtlanticLIFE Really, Dole and Coke sponsorship really had no effect on the makeup of this obesity panel? #AtlanticFood
Tue Apr 26 18:34:22 2011 - [@_Rya_] "Typisch türkische Oma" Ganz wundervolle Kolumne in der #taz http://j.mp/eDutFD
Tue Apr 26 18:34:22 2011 - [@r2_0] irre, ich höre "Bad Religion" von "Motörhead" #fb
Tue Apr 26 18:34:22 2011 - [@jojonks] Latitude ist wohl lustig. Liefere mir ein Rennen mit @tuxwurf nach Münster.
Tue Apr 26 18:34:22 2011 - [@F0O0] In case you expect serious answers, GTFO. else http://www.formspring.me/LandesF0O0
Tue Apr 26 18:34:22 2011 - [@BoraZ] RT @ivanoransky: Journal #fail by @bengoldacre: "We never publish studies that replicate other work." http://bit.ly/gUMmEK via @mattjhodgkinson @LuanaBossolo
Tue Apr 26 18:34:22 2011 - [@iLoreene] Grafiktablet in der Arbeit -.- .... -> macbook
Tue Apr 26 18:34:22 2011 - [@TiiaAurora] Habe jetzt die Spammail an Web.de (ohne die Empfängeradressen) weitergeleitet. Wenn das jeder Betroffene macht, hats auch Wirkung.
Tue Apr 26 18:34:22 2011 - [@DerWesten] Und? Freut Ihr Euch auch schon auf das Schalke-Spiel? http://www.derwesten.de/4578063 #s04 #cl #gleichgehtslos
Tue Apr 26 18:34:22 2011 - [@DLR_next] RT @Zarya_Info: Progress M-10M - ascent details now available: http://www.mcc.rsa.ru/progress_m10m.htm
Tue Apr 26 18:34:22 2011 - [@jonworth] The #DailyEuropean is out! http://bit.ly/hr9zGP ▸ Top stories today via @quarsan @eurotwittering @friendsofeurope @euobs @europarl_en
Tue Apr 26 18:34:22 2011 - [@iLoreene] loool! sachen die ich niemals gedacht hätte dass sie von exfreunden waren xD #wah
Tue Apr 26 18:34:22 2011 - [@wikileaks] Help us fight the extrajudicial US banking embargo: have you contributed to WikiLeaks this month? http://wikileaks.ch/support.html
Tue Apr 26 18:34:22 2011 - [@F0O0] @tollwutbezirk Ich will auch so ne rituelle.beschimpfung auf http://www.formspring.me/LandesF0O0
Tue Apr 26 18:34:22 2011 - [@coraxaroc] RT @EinAugenschmaus: Schaut heute wer das Spiel Schalke vs. Manchester United an und möchte den #Ableseservice dazu? Den mach ich über @adidasfussball ! #Fußball
Tue Apr 26 18:34:22 2011 - [@tuxwurf] @jojonks hihi, treffen am bahnhof?
Tue Apr 26 18:39:53 2011 - [@spielkamp] RT @zeitrafferin: "Scheiß Praktikanten! Seuche!" Bei so differenzierten Redakteurinnen ist man sicher gern & motiviert PraktikantIn.
Tue Apr 26 18:39:53 2011 - [@NetReaper] RT @turpia: ca. 25 #piraten verursachen 50 % der parteiinternen arbeit. schönen gruss an alle querulanten, hobbyjuristen und ML spammer.
Tue Apr 26 18:39:53 2011 - [@tuxwurf] @jojonks + netbook dabei? Bräuchte mal Strom...
Tue Apr 26 18:44:22 2011 - [@BoraZ] RT @russellcris: Brain benefits of tweeting. RT @LabSpaces: Higher levels of social activity decrease the risk of cognitive decline - http://is.gd/o4JKiD
Tue Apr 26 18:44:22 2011 - [@jojonks] @tuxwurf klar, wie immer ;). Direkt am Ausgang Bremer Platz?
Tue Apr 26 18:44:22 2011 - [@laprintemps] Ein Leben wie ein Center Shock!
Tue Apr 26 18:44:22 2011 - [@gwup] gefällt das: Ethik-Institut der Uni #Wien unterstützt GWUP-Konferenz: http://ow.ly/1sGLF0 #IEWD
Tue Apr 26 18:44:22 2011 - [@iLoreene] so. kallwass läuft, nüsse und wasser bereitgestellt, arbeit kann losgehen ^^
Tue Apr 26 18:44:22 2011 - [@gwup] RT @skeptiker_de: Leseetipp: Warum Exorzismus und Homöopathie in die gleiche Zeit gehören http://ow.ly/4Gqet #fb
Tue Apr 26 18:44:22 2011 - [@weltherrscher] dei mudda tippt per hand die ganzen ortsdaten in die iphone datenbanken.
Tue Apr 26 18:44:22 2011 - [@bmkraus] Supi... wenn ich gleich zu hause bin kann ich aufräumen und bügeln... absolut keinen Bock drauf...
Tue Apr 26 18:44:22 2011 - [@Dave_Kay] LOL! Krankheit mancher Politiker - cerebrovaskuläre Aplasie #ML #niceone
Tue Apr 26 18:44:22 2011 - [@GefionT] Der BuVo braucht einen Monat Verschnaufpause für den Wahlkampf? Das Team der #Flaschenpost kann dafür dreifach schuften. Danke. #piraten-
Tue Apr 26 18:44:22 2011 - [@terrorzicke] LOL RT @Dave_Kay: LOL! Krankheit mancher Politiker - cerebrovaskuläre Aplasie #ML #niceone
Tue Apr 26 18:44:22 2011 - [@v_i_o_l_a] puh, man merkt sofort, daß am donnerstag laufen wegen abenddienstübernahme und am samstag wegen ostern ausgefallen. *ächsz* :) #hobbyjogger
Tue Apr 26 18:44:22 2011 - [@johl] soupgroup's group soup: a group soup for soup recipes http://t.co/1brmhWb
Tue Apr 26 18:44:22 2011 - [@johnny_cash] Kommt jetzt eigentlich jede Woche n #Dropbox Update? Wie wäre es, wenn die Jungs dann endlich mal n automatisches Update einbauen?!
Tue Apr 26 18:44:22 2011 - [@gwup] RT @friedb: Esoteriker sind unsympathisch: http://j.mp/hCYzzP
Tue Apr 26 18:44:22 2011 - [@F0O0] RT @RealDeuterium: wer von den #berliner #piraten besitzt eine gültige fahrerlaubnis und würde samstag(30.04.) einen sprinter fahren+ein sofa tragen zur P9a
Tue Apr 26 18:44:22 2011 - [@ennomane] Komme bei den vielen Glückwünschen nicht mit Danken nach. Habe stattdessen mal alle gefavt, die ich finden konnte. ^^
Tue Apr 26 18:44:22 2011 - [@tuxwurf] @jojonks jau
Tue Apr 26 18:44:22 2011 - [@jojonks] @tuxwurf ne, Sorry. Ab nächstem Monat aber meinen booster. Irgendwer hat sicher nen USB-Port dabei.
Tue Apr 26 18:44:22 2011 - [@antiprodukt] Bertolt Brecht - Das Lied von der Unzulänglichkeit des menschlichen Strebens http://t.co/YLaNqNG
